0 info it worked if it ends with ok
1 verbose cli [ '/usr/local/bin/node', '/usr/local/bin/npm', 'run', 'deploy' ]
2 info using npm@3.10.10
3 info using node@v6.10.0
4 verbose run-script [ 'predeploy', 'deploy', 'postdeploy' ]
5 info lifecycle react-similaryelp-webpack@1.0.0~predeploy: react-similaryelp-webpack@1.0.0
6 silly lifecycle react-similaryelp-webpack@1.0.0~predeploy: no script for predeploy, continuing
7 info lifecycle react-similaryelp-webpack@1.0.0~deploy: react-similaryelp-webpack@1.0.0
8 verbose lifecycle react-similaryelp-webpack@1.0.0~deploy: unsafe-perm in lifecycle true
9 verbose lifecycle react-similaryelp-webpack@1.0.0~deploy: PATH: /usr/local/lib/node_modules/npm/bin/node-gyp-bin:/Users/bz63/similaryelp/node_modules/.bin:/Library/Java/JavaVirtualMachines/jdk1.8.0_45.jdk/Contents/Home/bin:/Users/bz63/Documents/gcloud/google-cloud-sdk/bin:/Users/bz63/Documents/gcloud/google-cloud-sdk/bin:/usr/local/bin:/usr/bin:/bin:/usr/sbin:/sbin:/usr/local/mysql/bin:/usr/local/mongodb/bin:/usr/local/git/bin:/Library/Frameworks/Mono.framework/Versions/Current/Commands:/usr/local/mysql/bin:/usr/local/mongodb/bin:/opt/gradle/gradle-3.5/bin
10 verbose lifecycle react-similaryelp-webpack@1.0.0~deploy: CWD: /Users/bz63/similaryelp
11 silly lifecycle react-similaryelp-webpack@1.0.0~deploy: Args: [ '-c', 'git subtree push --prefix build origin gh-pages' ]
12 silly lifecycle react-similaryelp-webpack@1.0.0~deploy: Returned: code: 1  signal: null
13 info lifecycle react-similaryelp-webpack@1.0.0~deploy: Failed to exec deploy script
14 verbose stack Error: react-similaryelp-webpack@1.0.0 deploy: `git subtree push --prefix build origin gh-pages`
14 verbose stack Exit status 1
14 verbose stack     at EventEmitter.<anonymous> (/usr/local/lib/node_modules/npm/lib/utils/lifecycle.js:255:16)
14 verbose stack     at emitTwo (events.js:106:13)
14 verbose stack     at EventEmitter.emit (events.js:191:7)
14 verbose stack     at ChildProcess.<anonymous> (/usr/local/lib/node_modules/npm/lib/utils/spawn.js:40:14)
14 verbose stack     at emitTwo (events.js:106:13)
14 verbose stack     at ChildProcess.emit (events.js:191:7)
14 verbose stack     at maybeClose (internal/child_process.js:877:16)
14 verbose stack     at Process.ChildProcess._handle.onexit (internal/child_process.js:226:5)
15 verbose pkgid react-similaryelp-webpack@1.0.0
16 verbose cwd /Users/bz63/similaryelp
17 error Darwin 16.7.0
18 error argv "/usr/local/bin/node" "/usr/local/bin/npm" "run" "deploy"
19 error node v6.10.0
20 error npm  v3.10.10
21 error code ELIFECYCLE
22 error react-similaryelp-webpack@1.0.0 deploy: `git subtree push --prefix build origin gh-pages`
22 error Exit status 1
23 error Failed at the react-similaryelp-webpack@1.0.0 deploy script 'git subtree push --prefix build origin gh-pages'.
23 error Make sure you have the latest version of node.js and npm installed.
23 error If you do, this is most likely a problem with the react-similaryelp-webpack package,
23 error not with npm itself.
23 error Tell the author that this fails on your system:
23 error     git subtree push --prefix build origin gh-pages
23 error You can get information on how to open an issue for this project with:
23 error     npm bugs react-similaryelp-webpack
23 error Or if that isn't available, you can get their info via:
23 error     npm owner ls react-similaryelp-webpack
23 error There is likely additional logging output above.
24 verbose exit [ 1, true ]
